[debug] [2024-02-02T15:28:53.758Z] ----------------------------------------------------------------------
[debug] [2024-02-02T15:28:53.760Z] Command:       F:\InstalledFiles\npm\node.exe C:\Users\muham\AppData\Roaming\npm\node_modules\firebase-tools\lib\bin\firebase.js init
[debug] [2024-02-02T15:28:53.760Z] CLI Version:   13.1.0
[debug] [2024-02-02T15:28:53.760Z] Platform:      win32
[debug] [2024-02-02T15:28:53.760Z] Node Version:  v20.11.0
[debug] [2024-02-02T15:28:53.761Z] Time:          Fri Feb 02 2024 20:58:53 GMT+0530 (India Standard Time)
[debug] [2024-02-02T15:28:53.761Z] ----------------------------------------------------------------------
[debug] 
[debug] [2024-02-02T15:28:53.765Z] > command requires scopes: ["email","openid","https://www.googleapis.com/auth/cloudplatformprojects.readonly","https://www.googleapis.com/auth/firebase","https://www.googleapis.com/auth/cloud-platform"]
[debug] [2024-02-02T15:28:53.765Z] > authorizing via signed-in user (muhammedfariskh@gmail.com)
[info] 
     ######## #### ########  ######## ########     ###     ######  ########
     ##        ##  ##     ## ##       ##     ##  ##   ##  ##       ##
     ######    ##  ########  ######   ########  #########  ######  ######
     ##        ##  ##    ##  ##       ##     ## ##     ##       ## ##
     ##       #### ##     ## ######## ########  ##     ##  ######  ########

You're about to initialize a Firebase project in this directory:

  F:\Projects\my-web-app

[info] 
=== Project Setup
[info] 
[info] First, let's associate this project directory with a Firebase project.
[info] You can create multiple project aliases by running firebase use --add, 
[info] but for now we'll just set up a default project.
[info] 
[debug] [2024-02-02T15:29:25.152Z] >>> [apiv2][query] GET https://firebase.googleapis.com/v1beta1/projects pageSize=100
[debug] [2024-02-02T15:29:25.922Z] <<< [apiv2][status] GET https://firebase.googleapis.com/v1beta1/projects 200
[debug] [2024-02-02T15:29:25.922Z] <<< [apiv2][body] GET https://firebase.googleapis.com/v1beta1/projects [omitted]
[info] i  Using project my-test-project-625a3 (my test project) 
[info] 
=== Hosting Setup
[debug] [2024-02-02T15:29:47.432Z] >>> [apiv2][query] GET https://firebase.googleapis.com/v1beta1/projects/my-test-project-625a3 [none]
[debug] [2024-02-02T15:29:47.836Z] <<< [apiv2][status] GET https://firebase.googleapis.com/v1beta1/projects/my-test-project-625a3 200
[debug] [2024-02-02T15:29:47.836Z] <<< [apiv2][body] GET https://firebase.googleapis.com/v1beta1/projects/my-test-project-625a3 {"projectId":"my-test-project-625a3","projectNumber":"772606142072","displayName":"my test project","name":"projects/my-test-project-625a3","resources":{"hostingSite":"my-test-project-625a3"},"state":"ACTIVE","etag":"1_6874bb48-6bf2-4495-802e-52caf08a0797"}
[info] 
[info] Your public directory is the folder (relative to your project directory) that
[info] will contain Hosting assets to be uploaded with firebase deploy. If you
[info] have a build process for your assets, use your build's output directory.
[info] 
[info] +  Wrote public/404.html 
[debug] [2024-02-02T15:30:24.330Z] >>> [apiv2][query] GET https://www.gstatic.com/firebasejs/releases.json [none]
[debug] [2024-02-02T15:30:24.442Z] <<< [apiv2][status] GET https://www.gstatic.com/firebasejs/releases.json 200
[debug] [2024-02-02T15:30:24.442Z] <<< [apiv2][body] GET https://www.gstatic.com/firebasejs/releases.json {"current":{"version":"10.8.0","browserURL":"https://www.gstatic.com/firebasejs/10.8.0/firebase.js","packageURL":"https://www.gstatic.com/firebasejs/10.8.0/firebase.tgz"},"live":{"version":"10.8","browserURL":"https://www.gstatic.com/firebasejs/live/10.8/firebase.js","packageURL":"https://www.gstatic.com/firebasejs/live/10.8/firebase.tgz"},"components":{"analytics":"https://www.gstatic.com/firebasejs/10.8.0/firebase-analytics.js","app":"https://www.gstatic.com/firebasejs/10.8.0/firebase-app.js","app-check":"https://www.gstatic.com/firebasejs/10.8.0/firebase-app-check.js","auth":"https://www.gstatic.com/firebasejs/10.8.0/firebase-auth.js","auth/cordova":"https://www.gstatic.com/firebasejs/10.8.0/firebase-auth/cordova.js","auth/web-extension":"https://www.gstatic.com/firebasejs/10.8.0/firebase-auth/web-extension.js","functions":"https://www.gstatic.com/firebasejs/10.8.0/firebase-functions.js","firestore":"https://www.gstatic.com/firebasejs/10.8.0/firebase-firestore.js","firestore/lite":"https://www.gstatic.com/firebasejs/10.8.0/firebase-firestore/lite.js","installations":"https://www.gstatic.com/firebasejs/10.8.0/firebase-installations.js","storage":"https://www.gstatic.com/firebasejs/10.8.0/firebase-storage.js","performance":"https://www.gstatic.com/firebasejs/10.8.0/firebase-performance.js","remote-config":"https://www.gstatic.com/firebasejs/10.8.0/firebase-remote-config.js","messaging":"https://www.gstatic.com/firebasejs/10.8.0/firebase-messaging.js","messaging/sw":"https://www.gstatic.com/firebasejs/10.8.0/firebase-messaging/sw.js","database":"https://www.gstatic.com/firebasejs/10.8.0/firebase-database.js","firestore.memory":"https://www.gstatic.com/firebasejs/10.8.0/firebase-firestore.memory.js"}}
[info] +  Wrote public/index.html 
[info] 
[info] i  Detected a .git folder at F:\Projects\my-web-app 
[info] i  Authorizing with GitHub to upload your service account to a GitHub repository's secrets store. 
[info] 
[info] Visit this URL on this device to log in:
[info] https://github.com/login/oauth/authorize?client_id=89cf50f02ac6aaed3484&state=342984820&redirect_uri=http%3A%2F%2Flocalhost%3A9005&scope=read%3Auser%20repo%20public_repo
[info] 
[info] Waiting for authentication...
[debug] [2024-02-02T15:30:57.219Z] >>> [apiv2][query] POST https://github.com/login/oauth/access_token [none]
[debug] [2024-02-02T15:30:57.219Z] >>> [apiv2][body] POST https://github.com/login/oauth/access_token [stream]
[debug] [2024-02-02T15:30:57.655Z] <<< [apiv2][status] POST https://github.com/login/oauth/access_token 200
[debug] [2024-02-02T15:30:57.655Z] <<< [apiv2][body] POST https://github.com/login/oauth/access_token {"access_token":"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","token_type":"bearer","scope":"read:user,repo"}
[debug] [2024-02-02T15:30:57.666Z] >>> [apiv2][query] GET https://api.github.com/user [none]
[debug] [2024-02-02T15:30:58.078Z] <<< [apiv2][status] GET https://api.github.com/user 200
[debug] [2024-02-02T15:30:58.078Z] <<< [apiv2][body] GET https://api.github.com/user {"login":"fariskh","id":28475420,"node_id":"MDQ6VXNlcjI4NDc1NDIw","avatar_url":"https://avatars.githubusercontent.com/u/28475420?v=4","gravatar_id":"","url":"https://api.github.com/users/fariskh","html_url":"https://github.com/fariskh","followers_url":"https://api.github.com/users/fariskh/followers","following_url":"https://api.github.com/users/fariskh/following{/other_user}","gists_url":"https://api.github.com/users/fariskh/gists{/gist_id}","starred_url":"https://api.github.com/users/fariskh/starred{/owner}{/repo}","subscriptions_url":"https://api.github.com/users/fariskh/subscriptions","organizations_url":"https://api.github.com/users/fariskh/orgs","repos_url":"https://api.github.com/users/fariskh/repos","events_url":"https://api.github.com/users/fariskh/events{/privacy}","received_events_url":"https://api.github.com/users/fariskh/received_events","type":"User","site_admin":false,"name":"Muhammed Faris","company":null,"blog":"","location":null,"email":"muhammedfariskh@gmail.com","hireable":null,"bio":null,"twitter_username":null,"public_repos":6,"public_gists":0,"followers":1,"following":0,"created_at":"2017-05-06T06:08:40Z","updated_at":"2024-01-06T13:27:59Z","private_gists":0,"total_private_repos":2,"owned_private_repos":2,"disk_usage":139549,"collaborators":0,"two_factor_authentication":false,"plan":{"name":"free","space":976562499,"collaborators":0,"private_repos":10000}}
[info] 
[info] +  Success! Logged into GitHub as fariskh 
[info] 
